app/home/psc/tmp/intermediates/manifest_merge_blame_file/debug/manifest-merger-blame-debug-report.txt
1<?xml version="1.0" encoding="utf-8"?>
2<manifest xmlns:android="http://schemas.android.com/apk/res/android"
3    package="com.example.linearalgebracomputer"
4    android:versionCode="1"
5    android:versionName="1.0" >
6
7    <uses-sdk
8        android:minSdkVersion="15"
8-->src\main\AndroidManifest.xml
9        android:targetSdkVersion="29" />
9-->src\main\AndroidManifest.xml
10
11    <application
11-->src\main\AndroidManifest.xml:5:5-33:19
12        android:allowBackup="true"
12-->src\main\AndroidManifest.xml:6:9-35
13        android:appComponentFactory="androidx.core.app.CoreComponentFactory"
13-->[androidx.core:core:1.1.0] AndroidManifest.xml:24:18-86
14        android:debuggable="true"
15        android:icon="@mipmap/ic_launcher"
15-->src\main\AndroidManifest.xml:7:9-43
16        android:label="@string/app_name"
16-->src\main\AndroidManifest.xml:8:9-41
17        android:roundIcon="@mipmap/ic_launcher_round"
17-->src\main\AndroidManifest.xml:9:9-54
18        android:supportsRtl="true"
18-->src\main\AndroidManifest.xml:10:9-35
19        android:testOnly="true"
20        android:theme="@style/AppTheme" >
20-->src\main\AndroidManifest.xml:11:9-40
21        <activity
21-->src\main\AndroidManifest.xml:12:9-13:54
22            android:name="com.example.linearalgebracomputer.InputActivity_single_power"
22-->src\main\AndroidManifest.xml:12:19-61
23            android:windowSoftInputMode="adjustPan" />
23-->src\main\AndroidManifest.xml:13:13-52
24        <activity
24-->src\main\AndroidManifest.xml:14:9-15:54
25            android:name="com.example.linearalgebracomputer.InputActivity_mult"
25-->src\main\AndroidManifest.xml:14:19-53
26            android:windowSoftInputMode="adjustPan" />
26-->src\main\AndroidManifest.xml:15:13-52
27        <activity
27-->src\main\AndroidManifest.xml:16:9-17:54
28            android:name="com.example.linearalgebracomputer.InputActivity_plus"
28-->src\main\AndroidManifest.xml:16:19-53
29            android:windowSoftInputMode="adjustPan" />
29-->src\main\AndroidManifest.xml:17:13-52
30        <activity
30-->src\main\AndroidManifest.xml:18:9-19:54
31            android:name="com.example.linearalgebracomputer.InputActivity_single"
31-->src\main\AndroidManifest.xml:18:19-55
32            android:windowSoftInputMode="adjustPan" />
32-->src\main\AndroidManifest.xml:19:13-52
33        <activity android:name="com.example.linearalgebracomputer.PastComputeActivity" />
33-->src\main\AndroidManifest.xml:20:9-57
33-->src\main\AndroidManifest.xml:20:19-54
34        <activity android:name="com.example.linearalgebracomputer.ComputeActivity" />
34-->src\main\AndroidManifest.xml:21:9-53
34-->src\main\AndroidManifest.xml:21:19-50
35        <activity android:name="com.example.linearalgebracomputer.Loading" />
35-->src\main\AndroidManifest.xml:22:9-44
35-->src\main\AndroidManifest.xml:22:19-42
36        <activity android:name="com.example.linearalgebracomputer.MainActivity" >
36-->src\main\AndroidManifest.xml:23:9-30:20
36-->src\main\AndroidManifest.xml:23:19-47
37            <intent-filter>
37-->src\main\AndroidManifest.xml:25:13-29:29
38                <action android:name="android.intent.action.MAIN" />
38-->src\main\AndroidManifest.xml:26:17-69
38-->src\main\AndroidManifest.xml:26:25-66
39
40                <category android:name="android.intent.category.LAUNCHER" />
40-->src\main\AndroidManifest.xml:28:17-77
40-->src\main\AndroidManifest.xml:28:27-74
41            </intent-filter>
42        </activity>
43        <activity
43-->src\main\AndroidManifest.xml:31:9-32:42
44            android:name="com.example.linearalgebracomputer.ResultActivity"
44-->src\main\AndroidManifest.xml:31:19-49
45            android:label="Second 액티비티" />
45-->src\main\AndroidManifest.xml:32:13-40
46    </application>
47
48</manifest>